<?xml version="1.0" encoding="UTF-8"?>
<!-- Generated by org.testng.reporters.JUnitXMLReporter -->
<testsuite hostname="Sahasra" ignored="2" name="Default test" tests="1" failures="0" timestamp="14 Mar 2019 20:11:12 GMT" time="22.26" errors="0">
  <testcase name="HomePageVerification_Español" time="7.197" classname="com.dol.complychain.testcases.WEB.DOL_CC_WEB_TC_001"/>
  <testcase name="HomePageVerification_English" time="0.0" classname="com.dol.complychain.testcases.WEB.DOL_CC_WEB_TC_001">
    <ignored/>
  </testcase> <!-- HomePageVerification_English -->
  <testcase name="HomePageVerification_Français" time="0.0" classname="com.dol.complychain.testcases.WEB.DOL_CC_WEB_TC_001">
    <ignored/>
  </testcase> <!-- HomePageVerification_Français -->
</testsuite> <!-- Default test -->
