<?xml version="1.0" encoding="UTF-8"?>
<!-- Generated by org.testng.reporters.JUnitXMLReporter -->
<testsuite hostname="W7M-137776" ignored="4" name="Regression Test" tests="3" failures="0" timestamp="21 Feb 2019 18:30:07 GMT" time="50.36" errors="0">
  <testcase name="mercury_FindAllLinks" time="5.663" classname="com.framework.testcases.web.Mercury_FindAllLinks"/>
  <testcase name="mercury_RegisterUser" time="7.398" classname="com.framework.testcases.web.Mercury_RegisterUser"/>
  <testcase name="mercury_FlightReservation" time="12.55" classname="com.framework.testcases.web.Mercury_FlightReservation"/>
  <testcase name="@BeforeSuite initializeReport" time="0.0" classname="com.framework.basetest.BaseTest">
    <ignored/>
  </testcase> <!-- @BeforeSuite initializeReport -->
  <testcase name="@BeforeSuite initializeReport" time="0.0" classname="com.framework.basetest.BaseTest">
    <ignored/>
  </testcase> <!-- @BeforeSuite initializeReport -->
  <testcase name="@AfterSuite tearDown" time="0.0" classname="com.framework.basetest.BaseTest">
    <ignored/>
  </testcase> <!-- @AfterSuite tearDown -->
  <testcase name="@AfterSuite tearDown" time="0.0" classname="com.framework.basetest.BaseTest">
    <ignored/>
  </testcase> <!-- @AfterSuite tearDown -->
</testsuite> <!-- Regression Test -->
