<?xml version="1.0" encoding="UTF-8"?>
<testng-results skipped="0" failed="0" ignored="2" total="3" passed="1">
  <reporter-output>
  </reporter-output>
  <suite name="Default suite" duration-ms="22260" started-at="2019-03-14T20:10:50Z" finished-at="2019-03-14T20:11:12Z">
    <groups>
    </groups>
    <test name="Default test" duration-ms="22260" started-at="2019-03-14T20:10:50Z" finished-at="2019-03-14T20:11:12Z">
      <class name="com.dol.complychain.testcases.WEB.DOL_CC_WEB_TC_001">
        <test-method status="PASS" signature="initializeReport()[pri:0, instance:com.dol.complychain.testcases.WEB.DOL_CC_WEB_TC_001@7085bdee]" name="initializeReport" is-config="true" duration-ms="130" started-at="2019-03-14T20:10:49Z" finished-at="2019-03-14T20:10:50Z">
          <reporter-output>
          </reporter-output>
        </test-method> <!-- initializeReport -->
        <test-method status="PASS" signature="initializeDriver()[pri:0, instance:com.dol.complychain.testcases.WEB.DOL_CC_WEB_TC_001@7085bdee]" name="initializeDriver" is-config="true" duration-ms="14059" started-at="2019-03-14T20:10:50Z" finished-at="2019-03-14T20:11:04Z">
          <reporter-output>
          </reporter-output>
        </test-method> <!-- initializeDriver -->
        <test-method status="PASS" signature="HomePageVerification_Español()[pri:0, instance:com.dol.complychain.testcases.WEB.DOL_CC_WEB_TC_001@7085bdee]" name="HomePageVerification_Español" duration-ms="7197" started-at="2019-03-14T20:11:04Z" finished-at="2019-03-14T20:11:11Z">
          <reporter-output>
          </reporter-output>
        </test-method> <!-- HomePageVerification_Español -->
        <test-method status="PASS" signature="quitbrowser(org.testng.ITestResult)[pri:0, instance:com.dol.complychain.testcases.WEB.DOL_CC_WEB_TC_001@7085bdee]" name="quitbrowser" is-config="true" duration-ms="988" started-at="2019-03-14T20:11:11Z" finished-at="2019-03-14T20:11:12Z">
          <params>
            <param index="0">
              <value>
                <![CDATA[[TestResult name=HomePageVerification_Español status=SUCCESS method=DOL_CC_WEB_TC_001.HomePageVerification_Español()[pri:0, instance:com.dol.complychain.testcases.WEB.DOL_CC_WEB_TC_001@7085bdee] output={null}]]]>
              </value>
            </param>
          </params>
          <reporter-output>
          </reporter-output>
        </test-method> <!-- quitbrowser -->
        <test-method status="PASS" signature="tearDown()[pri:0, instance:com.dol.complychain.testcases.WEB.DOL_CC_WEB_TC_001@7085bdee]" name="tearDown" is-config="true" duration-ms="189" started-at="2019-03-14T20:11:12Z" finished-at="2019-03-14T20:11:12Z">
          <reporter-output>
          </reporter-output>
        </test-method> <!-- tearDown -->
      </class> <!-- com.dol.complychain.testcases.WEB.DOL_CC_WEB_TC_001 -->
    </test> <!-- Default test -->
  </suite> <!-- Default suite -->
</testng-results>
