<?xml version="1.0" encoding="UTF-8"?>
<!-- Generated by org.testng.reporters.JUnitXMLReporter -->
<testsuite hostname="DESKTOP-I4MRD09" ignored="6" name="Regression Test" tests="10" failures="0" timestamp="12 Mar 2019 02:43:03 GMT" time="166.321" errors="0">
  <testcase name="HomePageVerification_English" time="7.213" classname="com.dol.complychain.testcases.WEB.DOL_CC_HP_TC_001"/>
  <testcase name="HomePageVerification_Español" time="8.369" classname="com.dol.complychain.testcases.WEB.DOL_CC_HP_TC_001"/>
  <testcase name="HomePageVerification_Français" time="8.01" classname="com.dol.complychain.testcases.WEB.DOL_CC_HP_TC_001"/>
  <testcase name="MenuVerification_English" time="7.565" classname="com.dol.complychain.testcases.WEB.DOL_CC_HP_TC_002"/>
  <testcase name="MenuVerification_Español" time="9.323" classname="com.dol.complychain.testcases.WEB.DOL_CC_HP_TC_002"/>
  <testcase name="MenuVerification_Français" time="9.083" classname="com.dol.complychain.testcases.WEB.DOL_CC_HP_TC_002"/>
  <testcase name="MenuVerification_English" time="14.258" classname="com.dol.complychain.testcases.WEB.DOL_CC_HP_TC_003"/>
  <testcase name="MenuVerification_Español" time="15.865" classname="com.dol.complychain.testcases.WEB.DOL_CC_HP_TC_003"/>
  <testcase name="MenuVerification_Français" time="16.27" classname="com.dol.complychain.testcases.WEB.DOL_CC_HP_TC_003"/>
  <testcase name="LanguagesVerification" time="6.142" classname="com.dol.complychain.testcases.WEB.DOL_CC_HP_TC_004"/>
  <testcase name="@BeforeSuite initializeReport" time="0.0" classname="com.dol.complychain.basetest.BaseTest">
    <ignored/>
  </testcase> <!-- @BeforeSuite initializeReport -->
  <testcase name="@BeforeSuite initializeReport" time="0.0" classname="com.dol.complychain.basetest.BaseTest">
    <ignored/>
  </testcase> <!-- @BeforeSuite initializeReport -->
  <testcase name="@BeforeSuite initializeReport" time="0.0" classname="com.dol.complychain.basetest.BaseTest">
    <ignored/>
  </testcase> <!-- @BeforeSuite initializeReport -->
  <testcase name="@AfterSuite tearDown" time="0.0" classname="com.dol.complychain.basetest.BaseTest">
    <ignored/>
  </testcase> <!-- @AfterSuite tearDown -->
  <testcase name="@AfterSuite tearDown" time="0.0" classname="com.dol.complychain.basetest.BaseTest">
    <ignored/>
  </testcase> <!-- @AfterSuite tearDown -->
  <testcase name="@AfterSuite tearDown" time="0.0" classname="com.dol.complychain.basetest.BaseTest">
    <ignored/>
  </testcase> <!-- @AfterSuite tearDown -->
</testsuite> <!-- Regression Test -->
