<?xml version="1.0" encoding="UTF-8"?>
<!-- Generated by org.testng.reporters.JUnitXMLReporter -->
<testsuite hostname="W7M-137776" ignored="2" name="Regression Test" tests="2" failures="0" timestamp="26 Feb 2019 14:44:39 GMT" time="306.806" errors="0">
  <testcase name="iOSTest1" time="77.624" classname="com.framework.testcases.IOS.IOSTest1"/>
  <testcase name="iOSTest2" time="70.815" classname="com.framework.testcases.IOS.IOSTest2"/>
  <testcase name="@BeforeSuite initializeReport" time="0.0" classname="com.framework.basetest.BaseTest">
    <ignored/>
  </testcase> <!-- @BeforeSuite initializeReport -->
  <testcase name="@AfterSuite tearDown" time="0.0" classname="com.framework.basetest.BaseTest">
    <ignored/>
  </testcase> <!-- @AfterSuite tearDown -->
</testsuite> <!-- Regression Test -->
